[INFO ] 2021-05-02 16:44:00.066 [main][INFO ] 2021-05-02 16:44:02.904 [main][INFO ] 2021-05-02 16:44:03.228 [main][INFO ] 2021-05-02 16:44:07.606 [main][INFO ] 2021-05-02 16:44:13.763 [main][INFO ] 2021-05-02 16:44:16.171 [main][INFO ] 2021-05-02 16:44:16.338 [main][INFO ] 2021-05-02 16:44:17.019 [main][INFO ] 2021-05-02 17:13:54.416 [main] Successfully passed URL
[INFO ] 2021-05-02 17:13:57.760 [main] Clicked on signin
[INFO ] 2021-05-02 17:13:58.084 [main] Email Passed
[INFO ] 2021-05-02 17:14:02.239 [main] Details Added
[INFO ] 2021-05-02 17:14:04.100 [main] Signed out successfully
[INFO ] 2021-05-02 17:14:11.133 [main] browser window closed
[INFO ] 2021-05-02 17:14:11.833 [main] browser window quit
[INFO ] 2021-05-02 17:16:24.648 [main] Successfully passed URL
[INFO ] 2021-05-02 17:16:29.021 [main] Clicked on signin
[INFO ] 2021-05-02 17:16:30.393 [main] Email Passed
[INFO ] 2021-05-02 17:16:36.508 [main] Details Added
[INFO ] 2021-05-02 17:16:42.411 [main] Signed out successfully
[DEBUG] 2021-05-02 17:16:42.418 [main] debugging
[INFO ] 2021-05-02 17:16:44.801 [main] userName retrived successfully
[INFO ] 2021-05-02 17:16:44.966 [main] browser window closed
[INFO ] 2021-05-02 17:16:45.634 [main] browser window quit
[INFO ] 2021-05-02 18:35:25.092 [main] Successfully passed URL
[INFO ] 2021-05-02 18:35:28.604 [main] Clicked on signin
[INFO ] 2021-05-02 18:35:29.567 [main] Email Passed
[DEBUG] 2021-05-02 18:35:39.751 [main] debugging
[INFO ] 2021-05-02 18:35:46.354 [main] browser window closed
[INFO ] 2021-05-02 18:35:46.969 [main] browser window quit
[INFO ] 2021-05-02 18:37:12.144 [main] Successfully passed URL
[INFO ] 2021-05-02 18:37:19.260 [main] Clicked on signin
[INFO ] 2021-05-02 18:37:19.583 [main] Email Passed
[INFO ] 2021-05-02 18:37:25.402 [main] Details Added
[INFO ] 2021-05-02 18:37:32.837 [main] Signed out successfully
[DEBUG] 2021-05-02 18:37:32.848 [main] debugging
[INFO ] 2021-05-02 18:37:37.116 [main] userName retrived successfully
[INFO ] 2021-05-02 18:37:37.270 [main] browser window closed
[INFO ] 2021-05-02 18:37:38.702 [main] browser window quit
[INFO ] 2021-05-10 14:07:47.022 [main] Successfully passed URL
[DEBUG] 2021-05-10 14:08:03.963 [main] debugging
[INFO ] 2021-05-10 14:08:09.240 [main] browser window closed
[INFO ] 2021-05-10 14:08:09.853 [main] browser window quit
[INFO ] 2021-05-10 14:08:35.460 [main] Successfully passed URL
[INFO ] 2021-05-10 14:08:37.739 [main] Clicked on signin
[INFO ] 2021-05-10 14:08:38.706 [main] Email Passed
[INFO ] 2021-05-10 14:08:42.910 [main] Details Added
[INFO ] 2021-05-10 14:08:47.525 [main] Signed out successfully
[DEBUG] 2021-05-10 14:08:47.531 [main] debugging
[INFO ] 2021-05-10 14:08:49.660 [main] userName retrived successfully
[INFO ] 2021-05-10 14:08:49.775 [main] browser window closed
[INFO ] 2021-05-10 14:08:50.513 [main] browser window quit
[INFO ] 2021-05-10 14:54:35.518 [main] Successfully passed URL
[DEBUG] 2021-05-10 14:54:44.691 [main] debugging
[INFO ] 2021-05-10 14:55:28.623 [main] Successfully passed URL
[INFO ] 2021-05-10 14:55:32.414 [main] Clicked on signin
[INFO ] 2021-05-10 14:55:33.381 [main] Email Passed
[INFO ] 2021-05-10 14:55:37.540 [main] Details Added
[INFO ] 2021-05-10 14:55:46.337 [main] Signed out successfully
[DEBUG] 2021-05-10 14:55:46.346 [main] debugging
[INFO ] 2021-05-10 14:55:50.920 [main] userName retrived successfully
[INFO ] 2021-05-10 14:55:51.015 [main] browser window closed
[INFO ] 2021-05-10 14:55:51.702 [main] browser window quit
